<?xml version="1.0" encoding="UTF-8"?>
<!-- Generated by org.testng.reporters.JUnitXMLReporter -->
<testsuite ignored="2" hostname="DESKTOP-63G7VB2" failures="0" tests="3" name="Default test" time="12.934" errors="0" timestamp="2023-05-08T20:56:07 CEST">
  <testcase classname="testFramework.testClasses.MyAccount_Tests" name="invalidLogIn" time="1.142"/>
  <testcase classname="testFramework.testClasses.MyAccount_Tests" name="invalidLogIn" time="1.015"/>
  <testcase classname="testFramework.testClasses.MyAccount_Tests" name="invalidLogIn" time="1.053"/>
  <testcase classname="testFramework.testClasses.MyAccount_Tests" name="verifyRememberMeCheckbox" time="0.0">
    <ignored/>
  </testcase> <!-- verifyRememberMeCheckbox -->
  <testcase classname="testFramework.testClasses.MyAccount_Tests" name="verifyMyAccountPageExists" time="0.0">
    <ignored/>
  </testcase> <!-- verifyMyAccountPageExists -->
</testsuite> <!-- Default test -->
