<?xml version="1.0" encoding="UTF-8"?>
<!-- Generated by org.testng.reporters.JUnitXMLReporter -->
<testsuite ignored="0" hostname="DESKTOP-63G7VB2" failures="0" tests="5" name="My Account Tests" time="16.684" errors="0" timestamp="2023-05-11T15:27:37 CEST">
  <testcase classname="testFramework.testClasses.MyAccount_Tests" name="invalidLogIn" time="1.139"/>
  <testcase classname="testFramework.testClasses.MyAccount_Tests" name="invalidLogIn" time="1.111"/>
  <testcase classname="testFramework.testClasses.MyAccount_Tests" name="invalidLogIn" time="1.005"/>
  <testcase classname="testFramework.testClasses.MyAccount_Tests" name="verifyMyAccountPageExists" time="0.018"/>
  <testcase classname="testFramework.testClasses.MyAccount_Tests" name="verifyRememberMeCheckbox" time="0.119"/>
</testsuite> <!-- My Account Tests -->
