<?xml version="1.0" encoding="UTF-8"?>
<!-- Generated by org.testng.reporters.JUnitXMLReporter -->
<testsuite ignored="0" hostname="DESKTOP-63G7VB2" failures="0" tests="2" name="Landing Page Tests" time="12.211" errors="0" timestamp="2023-05-24T22:13:15 CEST">
  <testcase classname="testFramework.testClasses.LandingPage_Tests" name="verifyHoverAddToCartID54" time="1.058"/>
  <testcase classname="testFramework.testClasses.LandingPage_Tests" name="verifyTwoViewCart" time="0.89"/>
</testsuite> <!-- Landing Page Tests -->
