<?xml version="1.0" encoding="UTF-8"?>
<!-- Generated by org.testng.reporters.JUnitXMLReporter -->
<testsuite ignored="0" hostname="DESKTOP-63G7VB2" failures="0" tests="5" name="My Account Tests" time="21.008" errors="0" timestamp="2023-05-24T22:13:23 CEST">
  <testcase classname="testFramework.testClasses.MyAccount_Tests" name="invalidLogIn" time="1.308"/>
  <testcase classname="testFramework.testClasses.MyAccount_Tests" name="invalidLogIn" time="1.063"/>
  <testcase classname="testFramework.testClasses.MyAccount_Tests" name="invalidLogIn" time="1.063"/>
  <testcase classname="testFramework.testClasses.MyAccount_Tests" name="verifyMyAccountPageExists" time="0.019"/>
  <testcase classname="testFramework.testClasses.MyAccount_Tests" name="verifyRememberMeCheckbox" time="0.126"/>
</testsuite> <!-- My Account Tests -->
