<?xml version="1.0" encoding="UTF-8"?>
<testng-results ignored="0" total="7" passed="7" failed="0" skipped="0">
  <reporter-output>
  </reporter-output>
  <suite started-at="2023-05-24T22:13:02 CEST" name="Suite" finished-at="2023-05-24T22:13:23 CEST" duration-ms="21008">
    <groups>
      <group name="AcceptanceTests">
        <method signature="LandingPage_Tests.verifyHoverAddToCartID54()[pri:0, instance:testFramework.testClasses.LandingPage_Tests@7ae0a9ec]" name="verifyHoverAddToCartID54" class="testFramework.testClasses.LandingPage_Tests"/>
        <method signature="MyAccount_Tests.verifyMyAccountPageExists()[pri:0, instance:testFramework.testClasses.MyAccount_Tests@25df00a0]" name="verifyMyAccountPageExists" class="testFramework.testClasses.MyAccount_Tests"/>
      </group> <!-- AcceptanceTests -->
    </groups>
    <test started-at="2023-05-24T22:13:02 CEST" name="Landing Page Tests" finished-at="2023-05-24T22:13:14 CEST" duration-ms="12211">
      <class name="testFramework.testClasses.LandingPage_Tests">
        <test-method is-config="true" signature="pleaseWork()[pri:0, instance:testFramework.testClasses.LandingPage_Tests@7ae0a9ec]" started-at="2023-05-24T22:13:02 CEST" name="pleaseWork" finished-at="2023-05-24T22:13:08 CEST" duration-ms="6405" status="PASS">
          <reporter-output>
          </reporter-output>
        </test-method> <!-- pleaseWork -->
        <test-method is-config="true" signature="goToCatalon()[pri:0, instance:testFramework.testClasses.LandingPage_Tests@7ae0a9ec]" started-at="2023-05-24T22:13:08 CEST" name="goToCatalon" finished-at="2023-05-24T22:13:11 CEST" duration-ms="2681" status="PASS">
          <reporter-output>
          </reporter-output>
        </test-method> <!-- goToCatalon -->
        <test-method signature="verifyHoverAddToCartID54()[pri:0, instance:testFramework.testClasses.LandingPage_Tests@7ae0a9ec]" started-at="2023-05-24T22:13:11 CEST" name="verifyHoverAddToCartID54" finished-at="2023-05-24T22:13:12 CEST" duration-ms="1058" status="PASS">
          <reporter-output>
          </reporter-output>
        </test-method> <!-- verifyHoverAddToCartID54 -->
        <test-method is-config="true" signature="goToCatalon()[pri:0, instance:testFramework.testClasses.LandingPage_Tests@7ae0a9ec]" started-at="2023-05-24T22:13:12 CEST" name="goToCatalon" finished-at="2023-05-24T22:13:13 CEST" duration-ms="863" status="PASS">
          <reporter-output>
          </reporter-output>
        </test-method> <!-- goToCatalon -->
        <test-method signature="verifyTwoViewCart()[pri:0, instance:testFramework.testClasses.LandingPage_Tests@7ae0a9ec]" started-at="2023-05-24T22:13:13 CEST" name="verifyTwoViewCart" finished-at="2023-05-24T22:13:14 CEST" duration-ms="890" status="PASS">
          <reporter-output>
          </reporter-output>
        </test-method> <!-- verifyTwoViewCart -->
        <test-method is-config="true" signature="closeDriver()[pri:0, instance:testFramework.testClasses.LandingPage_Tests@7ae0a9ec]" started-at="2023-05-24T22:13:14 CEST" name="closeDriver" finished-at="2023-05-24T22:13:14 CEST" duration-ms="242" status="PASS">
          <reporter-output>
          </reporter-output>
        </test-method> <!-- closeDriver -->
      </class> <!-- testFramework.testClasses.LandingPage_Tests -->
    </test> <!-- Landing Page Tests -->
    <test started-at="2023-05-24T22:13:02 CEST" name="My Account Tests" finished-at="2023-05-24T22:13:23 CEST" duration-ms="21008">
      <class name="testFramework.testClasses.MyAccount_Tests">
        <test-method is-config="true" signature="pleaseWork()[pri:0, instance:testFramework.testClasses.MyAccount_Tests@25df00a0]" started-at="2023-05-24T22:13:02 CEST" name="pleaseWork" finished-at="2023-05-24T22:13:08 CEST" duration-ms="6404" status="PASS">
          <reporter-output>
          </reporter-output>
        </test-method> <!-- pleaseWork -->
        <test-method is-config="true" signature="goToMyAccountPage()[pri:0, instance:testFramework.testClasses.MyAccount_Tests@25df00a0]" started-at="2023-05-24T22:13:09 CEST" name="goToMyAccountPage" finished-at="2023-05-24T22:13:13 CEST" duration-ms="3923" status="PASS">
          <reporter-output>
          </reporter-output>
        </test-method> <!-- goToMyAccountPage -->
        <test-method signature="invalidLogIn(java.util.HashMap)[pri:0, instance:testFramework.testClasses.MyAccount_Tests@25df00a0]" started-at="2023-05-24T22:13:13 CEST" name="invalidLogIn" data-provider="incorrectlogInCredentials" finished-at="2023-05-24T22:13:14 CEST" duration-ms="1308" status="PASS">
          <params>
            <param index="0">
              <value>
                <![CDATA[{password=Balanar23, username=Balanar}]]>
              </value>
            </param>
          </params>
          <reporter-output>
          </reporter-output>
        </test-method> <!-- invalidLogIn -->
        <test-method is-config="true" signature="goToMyAccountPage()[pri:0, instance:testFramework.testClasses.MyAccount_Tests@25df00a0]" started-at="2023-05-24T22:13:14 CEST" name="goToMyAccountPage" finished-at="2023-05-24T22:13:16 CEST" duration-ms="1630" status="PASS">
          <reporter-output>
          </reporter-output>
        </test-method> <!-- goToMyAccountPage -->
        <test-method signature="invalidLogIn(java.util.HashMap)[pri:0, instance:testFramework.testClasses.MyAccount_Tests@25df00a0]" started-at="2023-05-24T22:13:16 CEST" name="invalidLogIn" data-provider="incorrectlogInCredentials" finished-at="2023-05-24T22:13:17 CEST" duration-ms="1063" status="PASS">
          <params>
            <param index="0">
              <value>
                <![CDATA[{password=Mile28, username=Micko}]]>
              </value>
            </param>
          </params>
          <reporter-output>
          </reporter-output>
        </test-method> <!-- invalidLogIn -->
        <test-method is-config="true" signature="goToMyAccountPage()[pri:0, instance:testFramework.testClasses.MyAccount_Tests@25df00a0]" started-at="2023-05-24T22:13:17 CEST" name="goToMyAccountPage" finished-at="2023-05-24T22:13:18 CEST" duration-ms="1610" status="PASS">
          <reporter-output>
          </reporter-output>
        </test-method> <!-- goToMyAccountPage -->
        <test-method signature="invalidLogIn(java.util.HashMap)[pri:0, instance:testFramework.testClasses.MyAccount_Tests@25df00a0]" started-at="2023-05-24T22:13:18 CEST" name="invalidLogIn" data-provider="incorrectlogInCredentials" finished-at="2023-05-24T22:13:19 CEST" duration-ms="1063" status="PASS">
          <params>
            <param index="0">
              <value>
                <![CDATA[{password=PeraLera, username=Pera}]]>
              </value>
            </param>
          </params>
          <reporter-output>
          </reporter-output>
        </test-method> <!-- invalidLogIn -->
        <test-method is-config="true" signature="goToMyAccountPage()[pri:0, instance:testFramework.testClasses.MyAccount_Tests@25df00a0]" started-at="2023-05-24T22:13:19 CEST" name="goToMyAccountPage" finished-at="2023-05-24T22:13:21 CEST" duration-ms="1593" status="PASS">
          <reporter-output>
          </reporter-output>
        </test-method> <!-- goToMyAccountPage -->
        <test-method signature="verifyMyAccountPageExists()[pri:0, instance:testFramework.testClasses.MyAccount_Tests@25df00a0]" started-at="2023-05-24T22:13:21 CEST" name="verifyMyAccountPageExists" finished-at="2023-05-24T22:13:21 CEST" duration-ms="19" status="PASS">
          <reporter-output>
          </reporter-output>
        </test-method> <!-- verifyMyAccountPageExists -->
        <test-method is-config="true" signature="goToMyAccountPage()[pri:0, instance:testFramework.testClasses.MyAccount_Tests@25df00a0]" started-at="2023-05-24T22:13:21 CEST" name="goToMyAccountPage" finished-at="2023-05-24T22:13:23 CEST" duration-ms="1575" status="PASS">
          <reporter-output>
          </reporter-output>
        </test-method> <!-- goToMyAccountPage -->
        <test-method signature="verifyRememberMeCheckbox()[pri:0, instance:testFramework.testClasses.MyAccount_Tests@25df00a0]" started-at="2023-05-24T22:13:23 CEST" name="verifyRememberMeCheckbox" finished-at="2023-05-24T22:13:23 CEST" duration-ms="126" status="PASS">
          <reporter-output>
          </reporter-output>
        </test-method> <!-- verifyRememberMeCheckbox -->
        <test-method is-config="true" signature="closeDriver()[pri:0, instance:testFramework.testClasses.MyAccount_Tests@25df00a0]" started-at="2023-05-24T22:13:23 CEST" name="closeDriver" finished-at="2023-05-24T22:13:23 CEST" duration-ms="264" status="PASS">
          <reporter-output>
          </reporter-output>
        </test-method> <!-- closeDriver -->
      </class> <!-- testFramework.testClasses.MyAccount_Tests -->
    </test> <!-- My Account Tests -->
  </suite> <!-- Suite -->
</testng-results>
